[2020-06-03 16:09:41,607]-[ranzhi_fun.py]-[INFO]:登录成功用例--13450953452登录成功
[2020-06-03 16:11:07,698]-[ranzhi_fun.py]-[INFO]:登录成功用例--13450953452登录成功
[2020-06-03 16:14:30,949]-[ranzhi_fun.py]-[INFO]:登录成功用例--13450953452登录成功
[2020-06-03 16:14:48,827]-[ranzhi_fun.py]-[ERROR]:登录成功用例--18220341481登录失败
[2020-06-03 16:16:01,517]-[ranzhi_fun.py]-[INFO]:登录成功用例--13450953452登录成功
[2020-06-03 16:16:18,942]-[ranzhi_fun.py]-[ERROR]:登录成功用例--18220341481登录失败
[2020-06-03 16:35:20,398]-[ranzhi_fun.py]-[INFO]:登录成功用例--13450953452登录成功
[2020-06-03 16:35:35,090]-[ranzhi_fun.py]-[ERROR]:登录成功用例--18220341481登录失败
[2020-06-03 16:37:37,233]-[ranzhi_fun.py]-[INFO]:登录成功用例--13450953452登录成功
[2020-06-03 16:37:58,463]-[ranzhi_fun.py]-[ERROR]:登录成功用例--18220341481登录失败
[2020-06-03 16:39:43,791]-[ranzhi_fun.py]-[INFO]:登录成功用例--13450953452登录成功
[2020-06-03 16:39:57,973]-[ranzhi_fun.py]-[ERROR]:登录成功用例--18220341481登录失败
[2020-06-03 16:42:32,623]-[ranzhi_fun.py]-[INFO]:登录成功用例--13450953452登录成功
[2020-06-03 16:42:53,125]-[ranzhi_fun.py]-[ERROR]:登录成功用例--18220341481登录失败
[2020-06-03 16:49:03,213]-[ranzhi_fun.py]-[ERROR]:登录成功用例--13450953452登录失败
[2020-06-03 16:49:23,576]-[ranzhi_fun.py]-[ERROR]:登录成功用例--18220341481登录失败
[2020-06-03 16:51:03,491]-[ranzhi_fun.py]-[INFO]:登录成功用例--13450953452登录成功
[2020-06-03 16:51:17,313]-[ranzhi_fun.py]-[ERROR]:登录成功用例--18220341481登录失败
[2020-06-03 16:53:50,724]-[ranzhi_fun.py]-[INFO]:登录成功用例--13450953452登录成功
[2020-06-03 16:54:05,119]-[ranzhi_fun.py]-[ERROR]:登录成功用例--18220341481登录失败
[2020-06-03 17:04:14,826]-[ranzhi_fun.py]-[ERROR]:登录成功用例--18220341481登录失败
[2020-06-03 17:12:02,091]-[ranzhi_fun.py]-[ERROR]:登录成功用例--18220341481登录失败
[2020-06-03 17:12:54,258]-[ranzhi_fun.py]-[ERROR]:登录成功用例--18220341481登录失败
[2020-06-03 17:33:37,419]-[ranzhi_fun.py]-[ERROR]:登录成功用例--13450953452登录失败
[2020-06-03 17:34:39,862]-[ranzhi_fun.py]-[INFO]:登录成功用例--13450953452登录成功
[2020-06-04 11:45:25,484]-[ranzhi_fun.py]-[ERROR]:登录成功用例--测试通知登录失败
[2020-06-04 13:57:07,570]-[ranzhi_fun.py]-[ERROR]:登录成功用例--测试通知登录失败
[2020-06-04 14:01:25,820]-[ranzhi_fun.py]-[INFO]:登录成功用例--测试通知登录成功
[2020-06-04 14:03:16,902]-[ranzhi_fun.py]-[INFO]:登录成功用例--测试通知登录成功
[2020-06-04 14:05:28,525]-[ranzhi_fun.py]-[INFO]:登录成功用例--测试通知登录成功
[2020-06-04 14:11:03,679]-[ranzhi_fun.py]-[ERROR]:登录成功用例--测试通知登录失败
[2020-06-04 14:14:47,521]-[ranzhi_fun.py]-[ERROR]:登录成功用例--测试通知登录失败
[2020-06-04 14:17:17,006]-[ranzhi_fun.py]-[ERROR]:登录成功用例--测试通知登录失败
[2020-06-04 14:26:49,896]-[ranzhi_fun.py]-[ERROR]:登录成功用例--测试通知登录失败
[2020-06-04 14:35:07,099]-[ranzhi_fun.py]-[INFO]:登录成功用例--测试通知登录成功
[2020-06-04 14:39:19,561]-[ranzhi_fun.py]-[INFO]:登录成功用例--测试通知登录成功
[2020-06-04 15:45:38,874]-[ranzhi_fun.py]-[ERROR]:登录成功用例--测试01登录失败
[2020-06-04 15:45:42,259]-[ranzhi_fun.py]-[ERROR]:登录成功用例--测试02登录失败
[2020-06-04 15:46:43,205]-[ranzhi_fun.py]-[ERROR]:登录成功用例--测试01登录失败
[2020-06-04 15:46:46,590]-[ranzhi_fun.py]-[ERROR]:登录成功用例--测试02登录失败
[2020-06-04 15:50:55,692]-[ranzhi_fun.py]-[ERROR]:登录成功用例--测试01登录失败
[2020-06-04 15:50:59,073]-[ranzhi_fun.py]-[ERROR]:登录成功用例--测试02登录失败
[2020-06-04 16:29:15,944]-[ranzhi_fun.py]-[ERROR]:登录成功用例--测试01登录失败
[2020-06-04 16:29:19,378]-[ranzhi_fun.py]-[ERROR]:登录成功用例--测试02登录失败
[2020-06-08 16:57:35,472]-[ranzhi_fun.py]-[ERROR]:登录成功用例--测试01登录失败
[2020-06-08 16:57:38,989]-[ranzhi_fun.py]-[ERROR]:登录成功用例--测试02登录失败
[2020-06-08 17:05:27,487]-[ranzhi_fun.py]-[ERROR]:登录成功用例--测试01登录失败
[2020-06-08 17:05:30,905]-[ranzhi_fun.py]-[ERROR]:登录成功用例--测试02登录失败
[2020-06-09 09:41:30,512]-[ranzhi_fun.py]-[ERROR]:登录成功用例--测试01登录失败
[2020-06-09 09:41:34,125]-[ranzhi_fun.py]-[ERROR]:登录成功用例--测试02登录失败
[2020-06-09 09:46:35,974]-[ranzhi_fun.py]-[ERROR]:登录成功用例--测试01登录失败
[2020-06-09 09:46:39,380]-[ranzhi_fun.py]-[ERROR]:登录成功用例--测试02登录失败
[2020-06-09 09:52:46,427]-[ranzhi_fun.py]-[ERROR]:登录成功用例--测试01登录失败
[2020-06-09 09:52:49,844]-[ranzhi_fun.py]-[ERROR]:登录成功用例--测试02登录失败
[2020-06-09 10:31:17,365]-[ranzhi_fun.py]-[INFO]:登录成功用例--测试01登录成功
[2020-06-09 10:31:20,380]-[ranzhi_fun.py]-[ERROR]:登录成功用例--测试02登录失败
[2020-06-09 10:34:50,762]-[ranzhi_fun.py]-[INFO]:登录成功用例--测试通知登录成功
[2020-06-19 17:41:04,979]-[ranzhi_fun.py]-[ERROR]:登录成功用例--13450953452登录失败
[2020-06-19 17:46:26,637]-[ranzhi_fun.py]-[ERROR]:登录成功用例--13450953452登录失败
[2020-06-19 17:49:49,002]-[ranzhi_fun.py]-[ERROR]:登录成功用例--13450953452登录失败
[2020-06-19 17:54:31,666]-[ranzhi_fun.py]-[ERROR]:登录成功用例--13450953452登录失败
[2020-06-19 17:58:48,621]-[ranzhi_fun.py]-[ERROR]:登录成功用例--13450953452登录失败
[2020-06-19 18:01:58,683]-[ranzhi_fun.py]-[ERROR]:登录成功用例--13450953452登录失败
[2020-06-19 18:07:54,655]-[ranzhi_fun.py]-[ERROR]:登录成功用例--13450953452登录失败
[2020-06-22 09:45:41,804]-[ranzhi_fun.py]-[INFO]:登录成功用例--测试通知登录成功
[2020-06-22 09:47:27,101]-[ranzhi_fun.py]-[INFO]:登录成功用例--测试通知登录成功
[2020-06-22 09:52:57,517]-[ranzhi_fun.py]-[INFO]:登录成功用例--测试通知登录成功
[2020-06-22 10:03:40,694]-[ranzhi_fun.py]-[INFO]:登录成功用例--测试通知登录成功
[2020-06-22 10:09:51,093]-[ranzhi_fun.py]-[ERROR]:登录成功用例--测试通知登录失败
[2020-06-22 10:14:30,450]-[ranzhi_fun.py]-[ERROR]:登录成功用例--测试通知登录失败
[2020-06-22 11:03:50,816]-[ranzhi_fun.py]-[INFO]:登录成功用例--测试通知登录成功
[2020-06-22 11:07:19,377]-[ranzhi_fun.py]-[INFO]:登录成功用例--测试通知登录成功
[2020-06-22 11:10:56,446]-[ranzhi_fun.py]-[INFO]:登录成功用例--测试通知登录成功
[2020-06-22 11:16:45,918]-[ranzhi_fun.py]-[INFO]:登录成功用例--测试通知登录成功
[2020-06-22 11:26:08,892]-[ranzhi_fun.py]-[INFO]:登录成功用例--测试通知登录成功
[2020-06-22 14:37:58,084]-[ranzhi_fun.py]-[INFO]:登录成功用例--测试01登录成功
[2020-06-22 14:38:01,104]-[ranzhi_fun.py]-[ERROR]:登录成功用例--测试02登录失败
[2020-06-22 14:39:42,308]-[ranzhi_fun.py]-[INFO]:登录成功用例--测试通知登录成功
[2020-06-22 14:42:27,835]-[ranzhi_fun.py]-[INFO]:登录成功用例--测试通知登录成功
[2020-06-22 14:45:12,164]-[ranzhi_fun.py]-[INFO]:登录成功用例--测试通知登录成功
[2020-06-22 14:45:14,179]-[ranzhi_fun.py]-[ERROR]:登录成功用例--测试通知登录失败
[2020-06-22 14:45:16,865]-[ranzhi_fun.py]-[ERROR]:登录成功用例--登录失败
